<?xml version="1.0" encoding="UTF-8"?>
<!-- Generated by org.testng.reporters.JUnitReportReporter -->
<testsuite skipped="0" hostname="DESKTOP-DTSCL5H" name="tests.Tests" tests="1" failures="0" timestamp="15 Sep 2018 19:43:58 GMT" time="0.012" errors="0">
  <testcase name="test1" time="0.012" classname="tests.Tests"/>
</testsuite> <!-- tests.Tests -->
