<?xml version="1.0" encoding="UTF-8"?>
<!-- Generated by org.testng.reporters.JUnitReportReporter -->
<testsuite skipped="0" hostname="DESKTOP-DTSCL5H" name="tests.SearchAndDeleteFileTests" tests="2" failures="0" timestamp="22 Sep 2018 17:59:21 GMT" time="10.536" errors="0">
  <testcase name="deleteItem" time="7.762" classname="tests.SearchAndDeleteFileTests"/>
  <testcase name="undoDelete" time="2.774" classname="tests.SearchAndDeleteFileTests"/>
</testsuite> <!-- tests.SearchAndDeleteFileTests -->
