<?xml version="1.0" encoding="UTF-8"?>
<!-- Generated by org.testng.reporters.JUnitReportReporter -->
<testsuite skipped="0" hostname="DESKTOP-DTSCL5H" name="tests.CreateNewFolderTests" tests="2" failures="0" timestamp="22 Sep 2018 17:59:21 GMT" time="13.552" errors="0">
  <testcase name="createNewFolder" time="5.584" classname="tests.CreateNewFolderTests"/>
  <testcase name="createNewFolder" time="7.968" classname="tests.CreateNewFolderTests"/>
</testsuite> <!-- tests.CreateNewFolderTests -->
