<?xml version="1.0" encoding="UTF-8"?>
<!-- Generated by org.testng.reporters.JUnitReportReporter -->
<testsuite skipped="0" hostname="DESKTOP-DTSCL5H" name="tests.LoginLogoutPageTests" tests="1" failures="0" timestamp="20 Sep 2018 21:55:13 GMT" time="10.580" errors="0">
  <testcase name="logIn" time="10.580" classname="tests.LoginLogoutPageTests"/>
</testsuite> <!-- tests.LoginLogoutPageTests -->
