<?xml version="1.0" encoding="UTF-8"?>
<!-- Generated by org.testng.reporters.JUnitReportReporter -->
<testsuite skipped="0" hostname="DESKTOP-DTSCL5H" name="tests.CreateFolderTests" tests="1" failures="0" timestamp="20 Sep 2018 21:55:13 GMT" time="8.219" errors="0">
  <testcase name="createNewFolder" time="8.219" classname="tests.CreateFolderTests"/>
</testsuite> <!-- tests.CreateFolderTests -->
