<?xml version="1.0" encoding="UTF-8"?>
<!-- Generated by org.testng.reporters.JUnitReportReporter -->
<testsuite skipped="0" hostname="DESKTOP-DTSCL5H" name="tests.MailboxTests" tests="1" failures="0" timestamp="08 Oct 2018 21:15:10 GMT" time="0.711" errors="0">
  <testcase name="checkWelcomeMsg" time="0.711" classname="tests.MailboxTests"/>
</testsuite> <!-- tests.MailboxTests -->
