<?xml version="1.0" encoding="UTF-8"?>
<!-- Generated by org.testng.reporters.JUnitReportReporter -->
<testsuite skipped="0" hostname="DESKTOP-DTSCL5H" name="tests.MailboxTests" tests="1" failures="0" timestamp="03 Nov 2018 23:21:54 GMT" time="0.724" errors="0">
  <testcase name="checkWelcomeMsg" time="0.724" classname="tests.MailboxTests"/>
</testsuite> <!-- tests.MailboxTests -->
