<?xml version="1.0" encoding="UTF-8"?>
<!-- Generated by org.testng.reporters.JUnitReportReporter -->
<testsuite skipped="0" hostname="DESKTOP-DTSCL5H" name="tests.MyProfileTests" tests="2" failures="0" timestamp="08 Oct 2018 21:15:10 GMT" time="0.812" errors="0">
  <testcase name="validateAge" time="0.712" classname="tests.MyProfileTests"/>
  <testcase name="validateEducation" time="0.100" classname="tests.MyProfileTests"/>
</testsuite> <!-- tests.MyProfileTests -->
