<?xml version="1.0" encoding="UTF-8"?>
<!-- Generated by org.testng.reporters.JUnitReportReporter -->
<testsuite skipped="0" hostname="DESKTOP-DTSCL5H" name="tests.MyProfileTests" tests="2" failures="0" timestamp="03 Nov 2018 23:21:54 GMT" time="0.775" errors="0">
  <testcase name="validateAge" time="0.680" classname="tests.MyProfileTests"/>
  <testcase name="validateEducation" time="0.095" classname="tests.MyProfileTests"/>
</testsuite> <!-- tests.MyProfileTests -->
