<?xml version="1.0" encoding="UTF-8"?>
<!-- Generated by org.testng.reporters.JUnitReportReporter -->
<testsuite skipped="0" hostname="DESKTOP-DTSCL5H" name="tests.UploadFileTests" tests="1" failures="0" timestamp="22 Sep 2018 17:59:21 GMT" time="12.065" errors="0">
  <testcase name="uploadFile" time="12.065" classname="tests.UploadFileTests"/>
</testsuite> <!-- tests.UploadFileTests -->
