<?xml version="1.0" encoding="UTF-8"?>
<!-- Generated by org.testng.reporters.JUnitReportReporter -->
<testsuite skipped="0" hostname="DESKTOP-DTSCL5H" name="tests.LoginTests" tests="1" failures="0" timestamp="03 Nov 2018 23:21:54 GMT" time="5.997" errors="0">
  <testcase name="logIn" time="5.997" classname="tests.LoginTests"/>
</testsuite> <!-- tests.LoginTests -->
