<?xml version="1.0" encoding="UTF-8"?>
<!-- Generated by org.testng.reporters.JUnitReportReporter -->
<testsuite skipped="0" hostname="DESKTOP-DTSCL5H" name="tests.PaymentTests" tests="1" failures="0" timestamp="08 Oct 2018 21:15:10 GMT" time="3.805" errors="0">
  <testcase name="verifyPayPalAvailability" time="3.805" classname="tests.PaymentTests"/>
</testsuite> <!-- tests.PaymentTests -->
