<?xml version="1.0" encoding="UTF-8"?>
<!-- Generated by org.testng.reporters.JUnitReportReporter -->
<testsuite skipped="0" hostname="DESKTOP-DTSCL5H" name="tests.LoginLogoutTests" tests="1" failures="0" timestamp="08 Oct 2018 17:57:58 GMT" time="5.993" errors="0">
  <testcase name="logIn" time="5.993" classname="tests.LoginLogoutTests"/>
</testsuite> <!-- tests.LoginLogoutTests -->
