<?xml version="1.0" encoding="UTF-8"?>
<!-- Generated by org.testng.reporters.JUnitReportReporter -->
<testsuite skipped="0" hostname="DESKTOP-DTSCL5H" name="tests.LoginPageTests" tests="1" failures="0" timestamp="16 Sep 2018 20:14:54 GMT" time="15.889" errors="0">
  <testcase name="logInAndOut" time="15.889" classname="tests.LoginPageTests"/>
</testsuite> <!-- tests.LoginPageTests -->
